<?xml version="1.0" encoding="utf-8"?><testsuites name="pytest tests"><testsuite name="pytest" errors="0" failures="7" skipped="0" tests="10" time="1.398" timestamp="2026-01-02T14:16:16.106514+08:00" hostname="Victor"><testcase classname="testcase.easyjava_test.test_user.TestUserManagement" name="test_user_api[case_data0]" time="0.036"><failure message="AssertionError">self = &lt;test_user.TestUserManagement object at 0x000002B6792E7750&gt;
case_data = {'baseInfo': {'api_name': '查询用户列表（分页）', 'header': {'Content-Type': 'application/json'}, 'method': 'POST', 'url': 'http...case_name': '正常分页查询用户列表', 'json': {'pageNo': 1, 'pageSize': 10}, 'validation': [{'contains': {'status': 'success'}}]}]}

    @pytest.mark.parametrize("case_data", get_testcase_yaml("testcase/easyjava_test/user.yaml"))
    def test_user_api(self, case_data):
        """
        用户管理接口测试
        """
        # 检查数据结构并正确获取测试用例信息
        if isinstance(case_data, list) and len(case_data) == 2:
            # 框架转换后的格式 [base_info, test_case]
            base_info = case_data[0]
            test_case = case_data[1]
        elif isinstance(case_data, dict) and 'baseInfo' in case_data:
            # 原始YAML格式
            base_info = case_data['baseInfo']
            # 遍历所有测试用例
            for test_case in case_data['testCase']:
&gt;               self._run_test_case(base_info, test_case)

testcase\easyjava_test\test_user.py:29: 
_ _ _ _ _ _ _ _ _ _ _ _ _ _ _ _ _ _ _ _ _ _ _ _ _ _ _ _ _ _ _ _ _ _ _ _
testcase\easyjava_test\test_user.py:71: in _run_test_case
    assertions.assert_result(test_case.get("validation", []), response_json, response.status_code)
_ _ _ _ _ _ _ _ _ _ _ _ _ _ _ _ _ _ _ _ _ _ _ _ _ _ _ _ _ _ _ _ _ _ _ _

self = &lt;common.assertions.Assertions object at 0x000002B656BEB0E0&gt;
expected = [{'contains': {'status': 'success'}}]
response = {'code': 500, 'data': None, 'info': '服务器返回错误，请联系管理员', 'status': 'error'}
status_code = 200

    def assert_result(self, expected, response, status_code):
        """
        断言，通过断言all_flag标记，all_flag==0表示测试通过，否则为失败
        :param expected: 预期结果
        :param response: 实际响应结果
        :param status_code: 响应code码
        :return:
        """
        all_flag = 0
        try:
            logs.info("yaml文件预期结果：%s" % expected)
            # logs.info("实际结果：%s" % response)
            # all_flag = 0
            for yq in expected:
                for key, value in yq.items():
                    if key == "contains":
                        flag = self.contains_assert(value, response, status_code)
                        all_flag = all_flag + flag
                    elif key == "eq":
                        flag = self.equal_assert(value, response)
                        all_flag = all_flag + flag
                    elif key == 'ne':
                        flag = self.not_equal_assert(value, response)
                        all_flag = all_flag + flag
                    elif key == 'rv':
                        flag = self.assert_response_any(actual_results=response, expected_results=value)
                        all_flag = all_flag + flag
                    elif key == 'db':
                        flag = self.assert_mysql_data(value)
                        all_flag = all_flag + flag
                    else:
                        logs.error("不支持此种断言方式")
    
        except Exception as exceptions:
            logs.error('接口断言异常，请检查yaml预期结果值是否正确填写!')
            raise exceptions
    
        if all_flag == 0:
            logs.info("测试成功")
            assert True
        else:
            logs.error("测试失败")
&gt;           assert False
                   ^^^^^
E           AssertionError

common\assertions.py:242: AssertionError</failure></testcase><testcase classname="testcase.easyjava_test.test_user.TestUserManagement" name="test_user_api[case_data1]" time="0.030"><failure message="AssertionError">self = &lt;test_user.TestUserManagement object at 0x000002B6792E7610&gt;
case_data = {'baseInfo': {'api_name': '根据用户名查询用户', 'header': {'Content-Type': 'application/json'}, 'method': 'POST', 'url': 'http:...'testCase': [{'case_name': '根据存在的用户ID查询', 'json': {'userId': 1}, 'validation': [{'contains': {'status': 'success'}}]}]}

    @pytest.mark.parametrize("case_data", get_testcase_yaml("testcase/easyjava_test/user.yaml"))
    def test_user_api(self, case_data):
        """
        用户管理接口测试
        """
        # 检查数据结构并正确获取测试用例信息
        if isinstance(case_data, list) and len(case_data) == 2:
            # 框架转换后的格式 [base_info, test_case]
            base_info = case_data[0]
            test_case = case_data[1]
        elif isinstance(case_data, dict) and 'baseInfo' in case_data:
            # 原始YAML格式
            base_info = case_data['baseInfo']
            # 遍历所有测试用例
            for test_case in case_data['testCase']:
&gt;               self._run_test_case(base_info, test_case)

testcase\easyjava_test\test_user.py:29: 
_ _ _ _ _ _ _ _ _ _ _ _ _ _ _ _ _ _ _ _ _ _ _ _ _ _ _ _ _ _ _ _ _ _ _ _
testcase\easyjava_test\test_user.py:71: in _run_test_case
    assertions.assert_result(test_case.get("validation", []), response_json, response.status_code)
_ _ _ _ _ _ _ _ _ _ _ _ _ _ _ _ _ _ _ _ _ _ _ _ _ _ _ _ _ _ _ _ _ _ _ _

self = &lt;common.assertions.Assertions object at 0x000002B67939D6D0&gt;
expected = [{'contains': {'status': 'success'}}]
response = {'code': 500, 'data': None, 'info': '服务器返回错误，请联系管理员', 'status': 'error'}
status_code = 200

    def assert_result(self, expected, response, status_code):
        """
        断言，通过断言all_flag标记，all_flag==0表示测试通过，否则为失败
        :param expected: 预期结果
        :param response: 实际响应结果
        :param status_code: 响应code码
        :return:
        """
        all_flag = 0
        try:
            logs.info("yaml文件预期结果：%s" % expected)
            # logs.info("实际结果：%s" % response)
            # all_flag = 0
            for yq in expected:
                for key, value in yq.items():
                    if key == "contains":
                        flag = self.contains_assert(value, response, status_code)
                        all_flag = all_flag + flag
                    elif key == "eq":
                        flag = self.equal_assert(value, response)
                        all_flag = all_flag + flag
                    elif key == 'ne':
                        flag = self.not_equal_assert(value, response)
                        all_flag = all_flag + flag
                    elif key == 'rv':
                        flag = self.assert_response_any(actual_results=response, expected_results=value)
                        all_flag = all_flag + flag
                    elif key == 'db':
                        flag = self.assert_mysql_data(value)
                        all_flag = all_flag + flag
                    else:
                        logs.error("不支持此种断言方式")
    
        except Exception as exceptions:
            logs.error('接口断言异常，请检查yaml预期结果值是否正确填写!')
            raise exceptions
    
        if all_flag == 0:
            logs.info("测试成功")
            assert True
        else:
            logs.error("测试失败")
&gt;           assert False
                   ^^^^^
E           AssertionError

common\assertions.py:242: AssertionError</failure></testcase><testcase classname="testcase.easyjava_test.test_user.TestUserManagement" name="test_user_api[case_data2]" time="0.029"><failure message="AssertionError">self = &lt;test_user.TestUserManagement object at 0x000002B6792CB950&gt;
case_data = {'baseInfo': {'api_name': '新增用户', 'header': {'Content-Type': 'application/json'}, 'method': 'POST', 'url': 'http://loc... 'newuser@example.com', 'gender': 1, 'password': '123456', ...}, 'validation': [{'contains': {'status': 'success'}}]}]}

    @pytest.mark.parametrize("case_data", get_testcase_yaml("testcase/easyjava_test/user.yaml"))
    def test_user_api(self, case_data):
        """
        用户管理接口测试
        """
        # 检查数据结构并正确获取测试用例信息
        if isinstance(case_data, list) and len(case_data) == 2:
            # 框架转换后的格式 [base_info, test_case]
            base_info = case_data[0]
            test_case = case_data[1]
        elif isinstance(case_data, dict) and 'baseInfo' in case_data:
            # 原始YAML格式
            base_info = case_data['baseInfo']
            # 遍历所有测试用例
            for test_case in case_data['testCase']:
&gt;               self._run_test_case(base_info, test_case)

testcase\easyjava_test\test_user.py:29: 
_ _ _ _ _ _ _ _ _ _ _ _ _ _ _ _ _ _ _ _ _ _ _ _ _ _ _ _ _ _ _ _ _ _ _ _
testcase\easyjava_test\test_user.py:71: in _run_test_case
    assertions.assert_result(test_case.get("validation", []), response_json, response.status_code)
_ _ _ _ _ _ _ _ _ _ _ _ _ _ _ _ _ _ _ _ _ _ _ _ _ _ _ _ _ _ _ _ _ _ _ _

self = &lt;common.assertions.Assertions object at 0x000002B67939E5D0&gt;
expected = [{'contains': {'status': 'success'}}]
response = {'code': 500, 'data': None, 'info': '服务器返回错误，请联系管理员', 'status': 'error'}
status_code = 200

    def assert_result(self, expected, response, status_code):
        """
        断言，通过断言all_flag标记，all_flag==0表示测试通过，否则为失败
        :param expected: 预期结果
        :param response: 实际响应结果
        :param status_code: 响应code码
        :return:
        """
        all_flag = 0
        try:
            logs.info("yaml文件预期结果：%s" % expected)
            # logs.info("实际结果：%s" % response)
            # all_flag = 0
            for yq in expected:
                for key, value in yq.items():
                    if key == "contains":
                        flag = self.contains_assert(value, response, status_code)
                        all_flag = all_flag + flag
                    elif key == "eq":
                        flag = self.equal_assert(value, response)
                        all_flag = all_flag + flag
                    elif key == 'ne':
                        flag = self.not_equal_assert(value, response)
                        all_flag = all_flag + flag
                    elif key == 'rv':
                        flag = self.assert_response_any(actual_results=response, expected_results=value)
                        all_flag = all_flag + flag
                    elif key == 'db':
                        flag = self.assert_mysql_data(value)
                        all_flag = all_flag + flag
                    else:
                        logs.error("不支持此种断言方式")
    
        except Exception as exceptions:
            logs.error('接口断言异常，请检查yaml预期结果值是否正确填写!')
            raise exceptions
    
        if all_flag == 0:
            logs.info("测试成功")
            assert True
        else:
            logs.error("测试失败")
&gt;           assert False
                   ^^^^^
E           AssertionError

common\assertions.py:242: AssertionError</failure></testcase><testcase classname="testcase.easyjava_test.test_user.TestUserManagement" name="test_user_api[case_data3]" time="0.029"><failure message="AssertionError">self = &lt;test_user.TestUserManagement object at 0x000002B6792CB820&gt;
case_data = {'baseInfo': {'api_name': '更新用户信息', 'header': {'Content-Type': 'application/json'}, 'method': 'POST', 'url': 'http://l...'13900000000', 'realName': '张三（已更新）', 'status': 0, 'userId': 1}, 'validation': [{'contains': {'status': 'success'}}]}]}

    @pytest.mark.parametrize("case_data", get_testcase_yaml("testcase/easyjava_test/user.yaml"))
    def test_user_api(self, case_data):
        """
        用户管理接口测试
        """
        # 检查数据结构并正确获取测试用例信息
        if isinstance(case_data, list) and len(case_data) == 2:
            # 框架转换后的格式 [base_info, test_case]
            base_info = case_data[0]
            test_case = case_data[1]
        elif isinstance(case_data, dict) and 'baseInfo' in case_data:
            # 原始YAML格式
            base_info = case_data['baseInfo']
            # 遍历所有测试用例
            for test_case in case_data['testCase']:
&gt;               self._run_test_case(base_info, test_case)

testcase\easyjava_test\test_user.py:29: 
_ _ _ _ _ _ _ _ _ _ _ _ _ _ _ _ _ _ _ _ _ _ _ _ _ _ _ _ _ _ _ _ _ _ _ _
testcase\easyjava_test\test_user.py:71: in _run_test_case
    assertions.assert_result(test_case.get("validation", []), response_json, response.status_code)
_ _ _ _ _ _ _ _ _ _ _ _ _ _ _ _ _ _ _ _ _ _ _ _ _ _ _ _ _ _ _ _ _ _ _ _

self = &lt;common.assertions.Assertions object at 0x000002B6793B6C40&gt;
expected = [{'contains': {'status': 'success'}}]
response = {'code': 500, 'data': None, 'info': '服务器返回错误，请联系管理员', 'status': 'error'}
status_code = 200

    def assert_result(self, expected, response, status_code):
        """
        断言，通过断言all_flag标记，all_flag==0表示测试通过，否则为失败
        :param expected: 预期结果
        :param response: 实际响应结果
        :param status_code: 响应code码
        :return:
        """
        all_flag = 0
        try:
            logs.info("yaml文件预期结果：%s" % expected)
            # logs.info("实际结果：%s" % response)
            # all_flag = 0
            for yq in expected:
                for key, value in yq.items():
                    if key == "contains":
                        flag = self.contains_assert(value, response, status_code)
                        all_flag = all_flag + flag
                    elif key == "eq":
                        flag = self.equal_assert(value, response)
                        all_flag = all_flag + flag
                    elif key == 'ne':
                        flag = self.not_equal_assert(value, response)
                        all_flag = all_flag + flag
                    elif key == 'rv':
                        flag = self.assert_response_any(actual_results=response, expected_results=value)
                        all_flag = all_flag + flag
                    elif key == 'db':
                        flag = self.assert_mysql_data(value)
                        all_flag = all_flag + flag
                    else:
                        logs.error("不支持此种断言方式")
    
        except Exception as exceptions:
            logs.error('接口断言异常，请检查yaml预期结果值是否正确填写!')
            raise exceptions
    
        if all_flag == 0:
            logs.info("测试成功")
            assert True
        else:
            logs.error("测试失败")
&gt;           assert False
                   ^^^^^
E           AssertionError

common\assertions.py:242: AssertionError</failure></testcase><testcase classname="testcase.easyjava_test.test_user.TestUserManagement" name="test_user_api[case_data4]" time="0.028"><failure message="AssertionError">self = &lt;test_user.TestUserManagement object at 0x000002B679398830&gt;
case_data = {'baseInfo': {'api_name': '删除用户', 'header': {'Content-Type': 'application/json'}, 'method': 'POST', 'url': 'http://loc...d'}, 'testCase': [{'case_name': '正常删除用户', 'json': {'userId': 4}, 'validation': [{'contains': {'status': 'success'}}]}]}

    @pytest.mark.parametrize("case_data", get_testcase_yaml("testcase/easyjava_test/user.yaml"))
    def test_user_api(self, case_data):
        """
        用户管理接口测试
        """
        # 检查数据结构并正确获取测试用例信息
        if isinstance(case_data, list) and len(case_data) == 2:
            # 框架转换后的格式 [base_info, test_case]
            base_info = case_data[0]
            test_case = case_data[1]
        elif isinstance(case_data, dict) and 'baseInfo' in case_data:
            # 原始YAML格式
            base_info = case_data['baseInfo']
            # 遍历所有测试用例
            for test_case in case_data['testCase']:
&gt;               self._run_test_case(base_info, test_case)

testcase\easyjava_test\test_user.py:29: 
_ _ _ _ _ _ _ _ _ _ _ _ _ _ _ _ _ _ _ _ _ _ _ _ _ _ _ _ _ _ _ _ _ _ _ _
testcase\easyjava_test\test_user.py:71: in _run_test_case
    assertions.assert_result(test_case.get("validation", []), response_json, response.status_code)
_ _ _ _ _ _ _ _ _ _ _ _ _ _ _ _ _ _ _ _ _ _ _ _ _ _ _ _ _ _ _ _ _ _ _ _

self = &lt;common.assertions.Assertions object at 0x000002B6793B7CE0&gt;
expected = [{'contains': {'status': 'success'}}]
response = {'code': 500, 'data': None, 'info': '服务器返回错误，请联系管理员', 'status': 'error'}
status_code = 200

    def assert_result(self, expected, response, status_code):
        """
        断言，通过断言all_flag标记，all_flag==0表示测试通过，否则为失败
        :param expected: 预期结果
        :param response: 实际响应结果
        :param status_code: 响应code码
        :return:
        """
        all_flag = 0
        try:
            logs.info("yaml文件预期结果：%s" % expected)
            # logs.info("实际结果：%s" % response)
            # all_flag = 0
            for yq in expected:
                for key, value in yq.items():
                    if key == "contains":
                        flag = self.contains_assert(value, response, status_code)
                        all_flag = all_flag + flag
                    elif key == "eq":
                        flag = self.equal_assert(value, response)
                        all_flag = all_flag + flag
                    elif key == 'ne':
                        flag = self.not_equal_assert(value, response)
                        all_flag = all_flag + flag
                    elif key == 'rv':
                        flag = self.assert_response_any(actual_results=response, expected_results=value)
                        all_flag = all_flag + flag
                    elif key == 'db':
                        flag = self.assert_mysql_data(value)
                        all_flag = all_flag + flag
                    else:
                        logs.error("不支持此种断言方式")
    
        except Exception as exceptions:
            logs.error('接口断言异常，请检查yaml预期结果值是否正确填写!')
            raise exceptions
    
        if all_flag == 0:
            logs.info("测试成功")
            assert True
        else:
            logs.error("测试失败")
&gt;           assert False
                   ^^^^^
E           AssertionError

common\assertions.py:242: AssertionError</failure></testcase><testcase classname="testcase.easyjava_test.test_user.TestUserManagement" name="test_user_api[case_data5]" time="0.025" /><testcase classname="testcase.easyjava_test.test_user.TestUserManagement" name="test_user_api[case_data6]" time="0.029" /><testcase classname="testcase.easyjava_test.test_user.TestUserManagement" name="test_user_api[case_data7]" time="0.029" /><testcase classname="testcase.easyjava_test.test_user.TestUserManagement" name="test_user_api[case_data8]" time="0.033"><failure message="AssertionError">self = &lt;test_user.TestUserManagement object at 0x000002B679312C50&gt;
case_data = {'baseInfo': {'api_name': '分页查询边界测试', 'header': {'Content-Type': 'application/json'}, 'method': 'POST', 'url': 'http:/...name': '超大pageSize的情况', 'json': {'pageNo': 1, 'pageSize': 1000}, 'validation': [{'contains': {'status': 'success'}}]}]}

    @pytest.mark.parametrize("case_data", get_testcase_yaml("testcase/easyjava_test/user.yaml"))
    def test_user_api(self, case_data):
        """
        用户管理接口测试
        """
        # 检查数据结构并正确获取测试用例信息
        if isinstance(case_data, list) and len(case_data) == 2:
            # 框架转换后的格式 [base_info, test_case]
            base_info = case_data[0]
            test_case = case_data[1]
        elif isinstance(case_data, dict) and 'baseInfo' in case_data:
            # 原始YAML格式
            base_info = case_data['baseInfo']
            # 遍历所有测试用例
            for test_case in case_data['testCase']:
&gt;               self._run_test_case(base_info, test_case)

testcase\easyjava_test\test_user.py:29: 
_ _ _ _ _ _ _ _ _ _ _ _ _ _ _ _ _ _ _ _ _ _ _ _ _ _ _ _ _ _ _ _ _ _ _ _
testcase\easyjava_test\test_user.py:71: in _run_test_case
    assertions.assert_result(test_case.get("validation", []), response_json, response.status_code)
_ _ _ _ _ _ _ _ _ _ _ _ _ _ _ _ _ _ _ _ _ _ _ _ _ _ _ _ _ _ _ _ _ _ _ _

self = &lt;common.assertions.Assertions object at 0x000002B679403150&gt;
expected = [{'contains': {'status': 'success'}}]
response = {'code': 500, 'data': None, 'info': '服务器返回错误，请联系管理员', 'status': 'error'}
status_code = 200

    def assert_result(self, expected, response, status_code):
        """
        断言，通过断言all_flag标记，all_flag==0表示测试通过，否则为失败
        :param expected: 预期结果
        :param response: 实际响应结果
        :param status_code: 响应code码
        :return:
        """
        all_flag = 0
        try:
            logs.info("yaml文件预期结果：%s" % expected)
            # logs.info("实际结果：%s" % response)
            # all_flag = 0
            for yq in expected:
                for key, value in yq.items():
                    if key == "contains":
                        flag = self.contains_assert(value, response, status_code)
                        all_flag = all_flag + flag
                    elif key == "eq":
                        flag = self.equal_assert(value, response)
                        all_flag = all_flag + flag
                    elif key == 'ne':
                        flag = self.not_equal_assert(value, response)
                        all_flag = all_flag + flag
                    elif key == 'rv':
                        flag = self.assert_response_any(actual_results=response, expected_results=value)
                        all_flag = all_flag + flag
                    elif key == 'db':
                        flag = self.assert_mysql_data(value)
                        all_flag = all_flag + flag
                    else:
                        logs.error("不支持此种断言方式")
    
        except Exception as exceptions:
            logs.error('接口断言异常，请检查yaml预期结果值是否正确填写!')
            raise exceptions
    
        if all_flag == 0:
            logs.info("测试成功")
            assert True
        else:
            logs.error("测试失败")
&gt;           assert False
                   ^^^^^
E           AssertionError

common\assertions.py:242: AssertionError</failure></testcase><testcase classname="testcase.easyjava_test.test_user.TestUserManagement" name="test_user_api[case_data9]" time="0.030"><failure message="AssertionError">self = &lt;test_user.TestUserManagement object at 0x000002B67932A5D0&gt;
case_data = {'baseInfo': {'api_name': '用户状态变更测试', 'header': {'Content-Type': 'application/json'}, 'method': 'POST', 'url': 'http:/...'case_name': '将用户状态从禁用改为锁定', 'json': {'status': 2, 'userId': 1}, 'validation': [{'contains': {'status': 'success'}}]}]}

    @pytest.mark.parametrize("case_data", get_testcase_yaml("testcase/easyjava_test/user.yaml"))
    def test_user_api(self, case_data):
        """
        用户管理接口测试
        """
        # 检查数据结构并正确获取测试用例信息
        if isinstance(case_data, list) and len(case_data) == 2:
            # 框架转换后的格式 [base_info, test_case]
            base_info = case_data[0]
            test_case = case_data[1]
        elif isinstance(case_data, dict) and 'baseInfo' in case_data:
            # 原始YAML格式
            base_info = case_data['baseInfo']
            # 遍历所有测试用例
            for test_case in case_data['testCase']:
&gt;               self._run_test_case(base_info, test_case)

testcase\easyjava_test\test_user.py:29: 
_ _ _ _ _ _ _ _ _ _ _ _ _ _ _ _ _ _ _ _ _ _ _ _ _ _ _ _ _ _ _ _ _ _ _ _
testcase\easyjava_test\test_user.py:71: in _run_test_case
    assertions.assert_result(test_case.get("validation", []), response_json, response.status_code)
_ _ _ _ _ _ _ _ _ _ _ _ _ _ _ _ _ _ _ _ _ _ _ _ _ _ _ _ _ _ _ _ _ _ _ _

self = &lt;common.assertions.Assertions object at 0x000002B679401C50&gt;
expected = [{'contains': {'status': 'success'}}]
response = {'code': 500, 'data': None, 'info': '服务器返回错误，请联系管理员', 'status': 'error'}
status_code = 200

    def assert_result(self, expected, response, status_code):
        """
        断言，通过断言all_flag标记，all_flag==0表示测试通过，否则为失败
        :param expected: 预期结果
        :param response: 实际响应结果
        :param status_code: 响应code码
        :return:
        """
        all_flag = 0
        try:
            logs.info("yaml文件预期结果：%s" % expected)
            # logs.info("实际结果：%s" % response)
            # all_flag = 0
            for yq in expected:
                for key, value in yq.items():
                    if key == "contains":
                        flag = self.contains_assert(value, response, status_code)
                        all_flag = all_flag + flag
                    elif key == "eq":
                        flag = self.equal_assert(value, response)
                        all_flag = all_flag + flag
                    elif key == 'ne':
                        flag = self.not_equal_assert(value, response)
                        all_flag = all_flag + flag
                    elif key == 'rv':
                        flag = self.assert_response_any(actual_results=response, expected_results=value)
                        all_flag = all_flag + flag
                    elif key == 'db':
                        flag = self.assert_mysql_data(value)
                        all_flag = all_flag + flag
                    else:
                        logs.error("不支持此种断言方式")
    
        except Exception as exceptions:
            logs.error('接口断言异常，请检查yaml预期结果值是否正确填写!')
            raise exceptions
    
        if all_flag == 0:
            logs.info("测试成功")
            assert True
        else:
            logs.error("测试失败")
&gt;           assert False
                   ^^^^^
E           AssertionError

common\assertions.py:242: AssertionError</failure></testcase></testsuite></testsuites>