<?xml version="1.0" encoding="utf-8"?><testsuites name="pytest tests"><testsuite name="pytest" errors="19" failures="0" skipped="0" tests="19" time="1.593" timestamp="2025-12-20T01:31:51.613375+08:00" hostname="Victor"><testcase classname="testcase.Business interface.test_business_scenario.TestEBusinessScenario" name="test_business_scenario[case_info0]" time="0.034"><error message="failed on setup with &quot;SystemExit: None&quot;">@pytest.fixture(scope='session', autouse=True)
    @allure.story("登录")
    def system_login():
        try:
            api_info = get_testcase_yaml('./data/loginName.yaml')
&gt;           RequestBase().specification_yaml(api_info[0][0], api_info[0][1])

testcase\conftest.py:30: 
_ _ _ _ _ _ _ _ _ _ _ _ _ _ _ _ _ _ _ _ _ _ _ _ _ _ _ _ _ _ _ _ _ _ _ _ _ _ _ 
base\apiutil.py:119: in specification_yaml
    raise e
base\apiutil.py:116: in specification_yaml
    raise e
base\apiutil.py:110: in specification_yaml
    self.asserts.assert_result(validation, res_json, status_code)
common\assertions.py:195: in assert_result
    raise exceptions
common\assertions.py:176: in assert_result
    flag = self.contains_assert(value, response, status_code)
           ^^^^^^^^^^^^^^^^^^^^^^^^^^^^^^^^^^^^^^^^^^^^^^^^^^
_ _ _ _ _ _ _ _ _ _ _ _ _ _ _ _ _ _ _ _ _ _ _ _ _ _ _ _ _ _ _ _ _ _ _ _ _ _ _ 

self = &lt;common.assertions.Assertions object at 0x000001CAA6F57610&gt;
value = {'msg_code': 200}
response = {'error_code': None, 'msg': '登录成功', 'msg_code': 200, 'orgId': '6140913758128971280', ...}
status_code = 200

    def contains_assert(self, value, response, status_code):
        """
        字符串包含断言模式，断言预期结果的字符串是否包含在接口的响应信息中
        :param value: 预期结果，yaml文件的预期结果值
        :param response: 接口实际响应结果
        :param status_code: 响应状态码
        :return: 返回结果的状态标识
        """
        # 断言状态标识，0成功，其他失败
        flag = 0
        for assert_key, assert_value in value.items():
            if assert_key == "status_code":
                if assert_value != status_code:
                    flag += 1
                    allure.attach(f"预期结果：{assert_value}\n实际结果：{status_code}", '响应代码断言结果:失败',
                                  attachment_type=allure.attachment_type.TEXT)
                    logs.error("contains断言失败：接口返回码【%s】不等于【%s】" % (status_code, assert_value))
            else:
&gt;               resp_list = jsonpath.jsonpath(response, "$..%s" % assert_key)
                            ^^^^^^^^^^^^^^^^^
E               AttributeError: module 'jsonpath' has no attribute 'jsonpath'. Did you mean: 'JSONPath'?

common\assertions.py:39: AttributeError

During handling of the above exception, another exception occurred:

    @pytest.fixture(scope='session', autouse=True)
    @allure.story("登录")
    def system_login():
        try:
            api_info = get_testcase_yaml('./data/loginName.yaml')
            RequestBase().specification_yaml(api_info[0][0], api_info[0][1])
        except Exception as e:
            logs.error(f'登录接口出现异常，导致后续接口无法继续运行，请检查程序！，{e}')
&gt;           exit()
E           SystemExit: None

testcase\conftest.py:33: SystemExit</error></testcase><testcase classname="testcase.Business interface.test_business_scenario.TestEBusinessScenario" name="test_business_scenario[case_info1]" time="0.047"><error message="failed on setup with &quot;SystemExit: None&quot;">@pytest.fixture(scope='session', autouse=True)
    @allure.story("登录")
    def system_login():
        try:
            api_info = get_testcase_yaml('./data/loginName.yaml')
&gt;           RequestBase().specification_yaml(api_info[0][0], api_info[0][1])

testcase\conftest.py:30: 
_ _ _ _ _ _ _ _ _ _ _ _ _ _ _ _ _ _ _ _ _ _ _ _ _ _ _ _ _ _ _ _ _ _ _ _ _ _ _ 
base\apiutil.py:119: in specification_yaml
    raise e
base\apiutil.py:116: in specification_yaml
    raise e
base\apiutil.py:110: in specification_yaml
    self.asserts.assert_result(validation, res_json, status_code)
common\assertions.py:195: in assert_result
    raise exceptions
common\assertions.py:176: in assert_result
    flag = self.contains_assert(value, response, status_code)
           ^^^^^^^^^^^^^^^^^^^^^^^^^^^^^^^^^^^^^^^^^^^^^^^^^^
_ _ _ _ _ _ _ _ _ _ _ _ _ _ _ _ _ _ _ _ _ _ _ _ _ _ _ _ _ _ _ _ _ _ _ _ _ _ _ 

self = &lt;common.assertions.Assertions object at 0x000001CAA6FFA210&gt;
value = {'msg_code': 200}
response = {'error_code': None, 'msg': '登录成功', 'msg_code': 200, 'orgId': '6140913758128971280', ...}
status_code = 200

    def contains_assert(self, value, response, status_code):
        """
        字符串包含断言模式，断言预期结果的字符串是否包含在接口的响应信息中
        :param value: 预期结果，yaml文件的预期结果值
        :param response: 接口实际响应结果
        :param status_code: 响应状态码
        :return: 返回结果的状态标识
        """
        # 断言状态标识，0成功，其他失败
        flag = 0
        for assert_key, assert_value in value.items():
            if assert_key == "status_code":
                if assert_value != status_code:
                    flag += 1
                    allure.attach(f"预期结果：{assert_value}\n实际结果：{status_code}", '响应代码断言结果:失败',
                                  attachment_type=allure.attachment_type.TEXT)
                    logs.error("contains断言失败：接口返回码【%s】不等于【%s】" % (status_code, assert_value))
            else:
&gt;               resp_list = jsonpath.jsonpath(response, "$..%s" % assert_key)
                            ^^^^^^^^^^^^^^^^^
E               AttributeError: module 'jsonpath' has no attribute 'jsonpath'. Did you mean: 'JSONPath'?

common\assertions.py:39: AttributeError

During handling of the above exception, another exception occurred:

    @pytest.fixture(scope='session', autouse=True)
    @allure.story("登录")
    def system_login():
        try:
            api_info = get_testcase_yaml('./data/loginName.yaml')
            RequestBase().specification_yaml(api_info[0][0], api_info[0][1])
        except Exception as e:
            logs.error(f'登录接口出现异常，导致后续接口无法继续运行，请检查程序！，{e}')
&gt;           exit()
E           SystemExit: None

testcase\conftest.py:33: SystemExit</error></testcase><testcase classname="testcase.Business interface.test_business_scenario.TestEBusinessScenario" name="test_business_scenario[case_info2]" time="0.037"><error message="failed on setup with &quot;SystemExit: None&quot;">@pytest.fixture(scope='session', autouse=True)
    @allure.story("登录")
    def system_login():
        try:
            api_info = get_testcase_yaml('./data/loginName.yaml')
&gt;           RequestBase().specification_yaml(api_info[0][0], api_info[0][1])

testcase\conftest.py:30: 
_ _ _ _ _ _ _ _ _ _ _ _ _ _ _ _ _ _ _ _ _ _ _ _ _ _ _ _ _ _ _ _ _ _ _ _ _ _ _ 
base\apiutil.py:119: in specification_yaml
    raise e
base\apiutil.py:116: in specification_yaml
    raise e
base\apiutil.py:110: in specification_yaml
    self.asserts.assert_result(validation, res_json, status_code)
common\assertions.py:195: in assert_result
    raise exceptions
common\assertions.py:176: in assert_result
    flag = self.contains_assert(value, response, status_code)
           ^^^^^^^^^^^^^^^^^^^^^^^^^^^^^^^^^^^^^^^^^^^^^^^^^^
_ _ _ _ _ _ _ _ _ _ _ _ _ _ _ _ _ _ _ _ _ _ _ _ _ _ _ _ _ _ _ _ _ _ _ _ _ _ _ 

self = &lt;common.assertions.Assertions object at 0x000001CAA7044E90&gt;
value = {'msg_code': 200}
response = {'error_code': None, 'msg': '登录成功', 'msg_code': 200, 'orgId': '6140913758128971280', ...}
status_code = 200

    def contains_assert(self, value, response, status_code):
        """
        字符串包含断言模式，断言预期结果的字符串是否包含在接口的响应信息中
        :param value: 预期结果，yaml文件的预期结果值
        :param response: 接口实际响应结果
        :param status_code: 响应状态码
        :return: 返回结果的状态标识
        """
        # 断言状态标识，0成功，其他失败
        flag = 0
        for assert_key, assert_value in value.items():
            if assert_key == "status_code":
                if assert_value != status_code:
                    flag += 1
                    allure.attach(f"预期结果：{assert_value}\n实际结果：{status_code}", '响应代码断言结果:失败',
                                  attachment_type=allure.attachment_type.TEXT)
                    logs.error("contains断言失败：接口返回码【%s】不等于【%s】" % (status_code, assert_value))
            else:
&gt;               resp_list = jsonpath.jsonpath(response, "$..%s" % assert_key)
                            ^^^^^^^^^^^^^^^^^
E               AttributeError: module 'jsonpath' has no attribute 'jsonpath'. Did you mean: 'JSONPath'?

common\assertions.py:39: AttributeError

During handling of the above exception, another exception occurred:

    @pytest.fixture(scope='session', autouse=True)
    @allure.story("登录")
    def system_login():
        try:
            api_info = get_testcase_yaml('./data/loginName.yaml')
            RequestBase().specification_yaml(api_info[0][0], api_info[0][1])
        except Exception as e:
            logs.error(f'登录接口出现异常，导致后续接口无法继续运行，请检查程序！，{e}')
&gt;           exit()
E           SystemExit: None

testcase\conftest.py:33: SystemExit</error></testcase><testcase classname="testcase.Business interface.test_business_scenario.TestEBusinessScenario" name="test_business_scenario[case_info3]" time="0.037"><error message="failed on setup with &quot;SystemExit: None&quot;">@pytest.fixture(scope='session', autouse=True)
    @allure.story("登录")
    def system_login():
        try:
            api_info = get_testcase_yaml('./data/loginName.yaml')
&gt;           RequestBase().specification_yaml(api_info[0][0], api_info[0][1])

testcase\conftest.py:30: 
_ _ _ _ _ _ _ _ _ _ _ _ _ _ _ _ _ _ _ _ _ _ _ _ _ _ _ _ _ _ _ _ _ _ _ _ _ _ _ 
base\apiutil.py:119: in specification_yaml
    raise e
base\apiutil.py:116: in specification_yaml
    raise e
base\apiutil.py:110: in specification_yaml
    self.asserts.assert_result(validation, res_json, status_code)
common\assertions.py:195: in assert_result
    raise exceptions
common\assertions.py:176: in assert_result
    flag = self.contains_assert(value, response, status_code)
           ^^^^^^^^^^^^^^^^^^^^^^^^^^^^^^^^^^^^^^^^^^^^^^^^^^
_ _ _ _ _ _ _ _ _ _ _ _ _ _ _ _ _ _ _ _ _ _ _ _ _ _ _ _ _ _ _ _ _ _ _ _ _ _ _ 

self = &lt;common.assertions.Assertions object at 0x000001CAA7046D70&gt;
value = {'msg_code': 200}
response = {'error_code': None, 'msg': '登录成功', 'msg_code': 200, 'orgId': '4140913758110176843', ...}
status_code = 200

    def contains_assert(self, value, response, status_code):
        """
        字符串包含断言模式，断言预期结果的字符串是否包含在接口的响应信息中
        :param value: 预期结果，yaml文件的预期结果值
        :param response: 接口实际响应结果
        :param status_code: 响应状态码
        :return: 返回结果的状态标识
        """
        # 断言状态标识，0成功，其他失败
        flag = 0
        for assert_key, assert_value in value.items():
            if assert_key == "status_code":
                if assert_value != status_code:
                    flag += 1
                    allure.attach(f"预期结果：{assert_value}\n实际结果：{status_code}", '响应代码断言结果:失败',
                                  attachment_type=allure.attachment_type.TEXT)
                    logs.error("contains断言失败：接口返回码【%s】不等于【%s】" % (status_code, assert_value))
            else:
&gt;               resp_list = jsonpath.jsonpath(response, "$..%s" % assert_key)
                            ^^^^^^^^^^^^^^^^^
E               AttributeError: module 'jsonpath' has no attribute 'jsonpath'. Did you mean: 'JSONPath'?

common\assertions.py:39: AttributeError

During handling of the above exception, another exception occurred:

    @pytest.fixture(scope='session', autouse=True)
    @allure.story("登录")
    def system_login():
        try:
            api_info = get_testcase_yaml('./data/loginName.yaml')
            RequestBase().specification_yaml(api_info[0][0], api_info[0][1])
        except Exception as e:
            logs.error(f'登录接口出现异常，导致后续接口无法继续运行，请检查程序！，{e}')
&gt;           exit()
E           SystemExit: None

testcase\conftest.py:33: SystemExit</error></testcase><testcase classname="testcase.Business interface.test_business_scenario.TestEBusinessScenario" name="test_business_scenario[case_info4]" time="0.039"><error message="failed on setup with &quot;SystemExit: None&quot;">@pytest.fixture(scope='session', autouse=True)
    @allure.story("登录")
    def system_login():
        try:
            api_info = get_testcase_yaml('./data/loginName.yaml')
&gt;           RequestBase().specification_yaml(api_info[0][0], api_info[0][1])

testcase\conftest.py:30: 
_ _ _ _ _ _ _ _ _ _ _ _ _ _ _ _ _ _ _ _ _ _ _ _ _ _ _ _ _ _ _ _ _ _ _ _ _ _ _ 
base\apiutil.py:119: in specification_yaml
    raise e
base\apiutil.py:116: in specification_yaml
    raise e
base\apiutil.py:110: in specification_yaml
    self.asserts.assert_result(validation, res_json, status_code)
common\assertions.py:195: in assert_result
    raise exceptions
common\assertions.py:176: in assert_result
    flag = self.contains_assert(value, response, status_code)
           ^^^^^^^^^^^^^^^^^^^^^^^^^^^^^^^^^^^^^^^^^^^^^^^^^^
_ _ _ _ _ _ _ _ _ _ _ _ _ _ _ _ _ _ _ _ _ _ _ _ _ _ _ _ _ _ _ _ _ _ _ _ _ _ _ 

self = &lt;common.assertions.Assertions object at 0x000001CAA6FCD7F0&gt;
value = {'msg_code': 200}
response = {'error_code': None, 'msg': '登录成功', 'msg_code': 200, 'orgId': '4140913758110176843', ...}
status_code = 200

    def contains_assert(self, value, response, status_code):
        """
        字符串包含断言模式，断言预期结果的字符串是否包含在接口的响应信息中
        :param value: 预期结果，yaml文件的预期结果值
        :param response: 接口实际响应结果
        :param status_code: 响应状态码
        :return: 返回结果的状态标识
        """
        # 断言状态标识，0成功，其他失败
        flag = 0
        for assert_key, assert_value in value.items():
            if assert_key == "status_code":
                if assert_value != status_code:
                    flag += 1
                    allure.attach(f"预期结果：{assert_value}\n实际结果：{status_code}", '响应代码断言结果:失败',
                                  attachment_type=allure.attachment_type.TEXT)
                    logs.error("contains断言失败：接口返回码【%s】不等于【%s】" % (status_code, assert_value))
            else:
&gt;               resp_list = jsonpath.jsonpath(response, "$..%s" % assert_key)
                            ^^^^^^^^^^^^^^^^^
E               AttributeError: module 'jsonpath' has no attribute 'jsonpath'. Did you mean: 'JSONPath'?

common\assertions.py:39: AttributeError

During handling of the above exception, another exception occurred:

    @pytest.fixture(scope='session', autouse=True)
    @allure.story("登录")
    def system_login():
        try:
            api_info = get_testcase_yaml('./data/loginName.yaml')
            RequestBase().specification_yaml(api_info[0][0], api_info[0][1])
        except Exception as e:
            logs.error(f'登录接口出现异常，导致后续接口无法继续运行，请检查程序！，{e}')
&gt;           exit()
E           SystemExit: None

testcase\conftest.py:33: SystemExit</error></testcase><testcase classname="testcase.ProductManager.test_productList.TestLogin" name="test_get_product_list[base_info0-testcase0]" time="0.026"><error message="failed on setup with &quot;SystemExit: None&quot;">@pytest.fixture(scope='session', autouse=True)
    @allure.story("登录")
    def system_login():
        try:
            api_info = get_testcase_yaml('./data/loginName.yaml')
&gt;           RequestBase().specification_yaml(api_info[0][0], api_info[0][1])

testcase\conftest.py:30: 
_ _ _ _ _ _ _ _ _ _ _ _ _ _ _ _ _ _ _ _ _ _ _ _ _ _ _ _ _ _ _ _ _ _ _ _ _ _ _ 
base\apiutil.py:119: in specification_yaml
    raise e
base\apiutil.py:116: in specification_yaml
    raise e
base\apiutil.py:110: in specification_yaml
    self.asserts.assert_result(validation, res_json, status_code)
common\assertions.py:195: in assert_result
    raise exceptions
common\assertions.py:176: in assert_result
    flag = self.contains_assert(value, response, status_code)
           ^^^^^^^^^^^^^^^^^^^^^^^^^^^^^^^^^^^^^^^^^^^^^^^^^^
_ _ _ _ _ _ _ _ _ _ _ _ _ _ _ _ _ _ _ _ _ _ _ _ _ _ _ _ _ _ _ _ _ _ _ _ _ _ _ 

self = &lt;common.assertions.Assertions object at 0x000001CAA7112690&gt;
value = {'msg_code': 200}
response = {'error_code': None, 'msg': '登录成功', 'msg_code': 200, 'orgId': '4140913758110176843', ...}
status_code = 200

    def contains_assert(self, value, response, status_code):
        """
        字符串包含断言模式，断言预期结果的字符串是否包含在接口的响应信息中
        :param value: 预期结果，yaml文件的预期结果值
        :param response: 接口实际响应结果
        :param status_code: 响应状态码
        :return: 返回结果的状态标识
        """
        # 断言状态标识，0成功，其他失败
        flag = 0
        for assert_key, assert_value in value.items():
            if assert_key == "status_code":
                if assert_value != status_code:
                    flag += 1
                    allure.attach(f"预期结果：{assert_value}\n实际结果：{status_code}", '响应代码断言结果:失败',
                                  attachment_type=allure.attachment_type.TEXT)
                    logs.error("contains断言失败：接口返回码【%s】不等于【%s】" % (status_code, assert_value))
            else:
&gt;               resp_list = jsonpath.jsonpath(response, "$..%s" % assert_key)
                            ^^^^^^^^^^^^^^^^^
E               AttributeError: module 'jsonpath' has no attribute 'jsonpath'. Did you mean: 'JSONPath'?

common\assertions.py:39: AttributeError

During handling of the above exception, another exception occurred:

    @pytest.fixture(scope='session', autouse=True)
    @allure.story("登录")
    def system_login():
        try:
            api_info = get_testcase_yaml('./data/loginName.yaml')
            RequestBase().specification_yaml(api_info[0][0], api_info[0][1])
        except Exception as e:
            logs.error(f'登录接口出现异常，导致后续接口无法继续运行，请检查程序！，{e}')
&gt;           exit()
E           SystemExit: None

testcase\conftest.py:33: SystemExit</error></testcase><testcase classname="testcase.ProductManager.test_productList.TestLogin" name="test_get_product_detail[base_info0-testcase0]" time="0.046"><error message="failed on setup with &quot;SystemExit: None&quot;">@pytest.fixture(scope='session', autouse=True)
    @allure.story("登录")
    def system_login():
        try:
            api_info = get_testcase_yaml('./data/loginName.yaml')
&gt;           RequestBase().specification_yaml(api_info[0][0], api_info[0][1])

testcase\conftest.py:30: 
_ _ _ _ _ _ _ _ _ _ _ _ _ _ _ _ _ _ _ _ _ _ _ _ _ _ _ _ _ _ _ _ _ _ _ _ _ _ _ 
base\apiutil.py:119: in specification_yaml
    raise e
base\apiutil.py:116: in specification_yaml
    raise e
base\apiutil.py:110: in specification_yaml
    self.asserts.assert_result(validation, res_json, status_code)
common\assertions.py:195: in assert_result
    raise exceptions
common\assertions.py:176: in assert_result
    flag = self.contains_assert(value, response, status_code)
           ^^^^^^^^^^^^^^^^^^^^^^^^^^^^^^^^^^^^^^^^^^^^^^^^^^
_ _ _ _ _ _ _ _ _ _ _ _ _ _ _ _ _ _ _ _ _ _ _ _ _ _ _ _ _ _ _ _ _ _ _ _ _ _ _ 

self = &lt;common.assertions.Assertions object at 0x000001CAA70D0380&gt;
value = {'msg_code': 200}
response = {'error_code': None, 'msg': '登录成功', 'msg_code': 200, 'orgId': '4140913758110176843', ...}
status_code = 200

    def contains_assert(self, value, response, status_code):
        """
        字符串包含断言模式，断言预期结果的字符串是否包含在接口的响应信息中
        :param value: 预期结果，yaml文件的预期结果值
        :param response: 接口实际响应结果
        :param status_code: 响应状态码
        :return: 返回结果的状态标识
        """
        # 断言状态标识，0成功，其他失败
        flag = 0
        for assert_key, assert_value in value.items():
            if assert_key == "status_code":
                if assert_value != status_code:
                    flag += 1
                    allure.attach(f"预期结果：{assert_value}\n实际结果：{status_code}", '响应代码断言结果:失败',
                                  attachment_type=allure.attachment_type.TEXT)
                    logs.error("contains断言失败：接口返回码【%s】不等于【%s】" % (status_code, assert_value))
            else:
&gt;               resp_list = jsonpath.jsonpath(response, "$..%s" % assert_key)
                            ^^^^^^^^^^^^^^^^^
E               AttributeError: module 'jsonpath' has no attribute 'jsonpath'. Did you mean: 'JSONPath'?

common\assertions.py:39: AttributeError

During handling of the above exception, another exception occurred:

    @pytest.fixture(scope='session', autouse=True)
    @allure.story("登录")
    def system_login():
        try:
            api_info = get_testcase_yaml('./data/loginName.yaml')
            RequestBase().specification_yaml(api_info[0][0], api_info[0][1])
        except Exception as e:
            logs.error(f'登录接口出现异常，导致后续接口无法继续运行，请检查程序！，{e}')
&gt;           exit()
E           SystemExit: None

testcase\conftest.py:33: SystemExit</error></testcase><testcase classname="testcase.ProductManager.test_productList.TestLogin" name="test_commit_order[base_info0-testcase0]" time="0.033"><error message="failed on setup with &quot;SystemExit: None&quot;">@pytest.fixture(scope='session', autouse=True)
    @allure.story("登录")
    def system_login():
        try:
            api_info = get_testcase_yaml('./data/loginName.yaml')
&gt;           RequestBase().specification_yaml(api_info[0][0], api_info[0][1])

testcase\conftest.py:30: 
_ _ _ _ _ _ _ _ _ _ _ _ _ _ _ _ _ _ _ _ _ _ _ _ _ _ _ _ _ _ _ _ _ _ _ _ _ _ _ 
base\apiutil.py:119: in specification_yaml
    raise e
base\apiutil.py:116: in specification_yaml
    raise e
base\apiutil.py:110: in specification_yaml
    self.asserts.assert_result(validation, res_json, status_code)
common\assertions.py:195: in assert_result
    raise exceptions
common\assertions.py:176: in assert_result
    flag = self.contains_assert(value, response, status_code)
           ^^^^^^^^^^^^^^^^^^^^^^^^^^^^^^^^^^^^^^^^^^^^^^^^^^
_ _ _ _ _ _ _ _ _ _ _ _ _ _ _ _ _ _ _ _ _ _ _ _ _ _ _ _ _ _ _ _ _ _ _ _ _ _ _ 

self = &lt;common.assertions.Assertions object at 0x000001CAA70AF050&gt;
value = {'msg_code': 200}
response = {'error_code': None, 'msg': '登录成功', 'msg_code': 200, 'orgId': '4140913758110176843', ...}
status_code = 200

    def contains_assert(self, value, response, status_code):
        """
        字符串包含断言模式，断言预期结果的字符串是否包含在接口的响应信息中
        :param value: 预期结果，yaml文件的预期结果值
        :param response: 接口实际响应结果
        :param status_code: 响应状态码
        :return: 返回结果的状态标识
        """
        # 断言状态标识，0成功，其他失败
        flag = 0
        for assert_key, assert_value in value.items():
            if assert_key == "status_code":
                if assert_value != status_code:
                    flag += 1
                    allure.attach(f"预期结果：{assert_value}\n实际结果：{status_code}", '响应代码断言结果:失败',
                                  attachment_type=allure.attachment_type.TEXT)
                    logs.error("contains断言失败：接口返回码【%s】不等于【%s】" % (status_code, assert_value))
            else:
&gt;               resp_list = jsonpath.jsonpath(response, "$..%s" % assert_key)
                            ^^^^^^^^^^^^^^^^^
E               AttributeError: module 'jsonpath' has no attribute 'jsonpath'. Did you mean: 'JSONPath'?

common\assertions.py:39: AttributeError

During handling of the above exception, another exception occurred:

    @pytest.fixture(scope='session', autouse=True)
    @allure.story("登录")
    def system_login():
        try:
            api_info = get_testcase_yaml('./data/loginName.yaml')
            RequestBase().specification_yaml(api_info[0][0], api_info[0][1])
        except Exception as e:
            logs.error(f'登录接口出现异常，导致后续接口无法继续运行，请检查程序！，{e}')
&gt;           exit()
E           SystemExit: None

testcase\conftest.py:33: SystemExit</error></testcase><testcase classname="testcase.ProductManager.test_productList.TestLogin" name="test_order_pay[base_info0-testcase0]" time="0.050"><error message="failed on setup with &quot;SystemExit: None&quot;">@pytest.fixture(scope='session', autouse=True)
    @allure.story("登录")
    def system_login():
        try:
            api_info = get_testcase_yaml('./data/loginName.yaml')
&gt;           RequestBase().specification_yaml(api_info[0][0], api_info[0][1])

testcase\conftest.py:30: 
_ _ _ _ _ _ _ _ _ _ _ _ _ _ _ _ _ _ _ _ _ _ _ _ _ _ _ _ _ _ _ _ _ _ _ _ _ _ _ 
base\apiutil.py:119: in specification_yaml
    raise e
base\apiutil.py:116: in specification_yaml
    raise e
base\apiutil.py:110: in specification_yaml
    self.asserts.assert_result(validation, res_json, status_code)
common\assertions.py:195: in assert_result
    raise exceptions
common\assertions.py:176: in assert_result
    flag = self.contains_assert(value, response, status_code)
           ^^^^^^^^^^^^^^^^^^^^^^^^^^^^^^^^^^^^^^^^^^^^^^^^^^
_ _ _ _ _ _ _ _ _ _ _ _ _ _ _ _ _ _ _ _ _ _ _ _ _ _ _ _ _ _ _ _ _ _ _ _ _ _ _ 

self = &lt;common.assertions.Assertions object at 0x000001CAA6F3F350&gt;
value = {'msg_code': 200}
response = {'error_code': None, 'msg': '登录成功', 'msg_code': 200, 'orgId': '6140913758128971280', ...}
status_code = 200

    def contains_assert(self, value, response, status_code):
        """
        字符串包含断言模式，断言预期结果的字符串是否包含在接口的响应信息中
        :param value: 预期结果，yaml文件的预期结果值
        :param response: 接口实际响应结果
        :param status_code: 响应状态码
        :return: 返回结果的状态标识
        """
        # 断言状态标识，0成功，其他失败
        flag = 0
        for assert_key, assert_value in value.items():
            if assert_key == "status_code":
                if assert_value != status_code:
                    flag += 1
                    allure.attach(f"预期结果：{assert_value}\n实际结果：{status_code}", '响应代码断言结果:失败',
                                  attachment_type=allure.attachment_type.TEXT)
                    logs.error("contains断言失败：接口返回码【%s】不等于【%s】" % (status_code, assert_value))
            else:
&gt;               resp_list = jsonpath.jsonpath(response, "$..%s" % assert_key)
                            ^^^^^^^^^^^^^^^^^
E               AttributeError: module 'jsonpath' has no attribute 'jsonpath'. Did you mean: 'JSONPath'?

common\assertions.py:39: AttributeError

During handling of the above exception, another exception occurred:

    @pytest.fixture(scope='session', autouse=True)
    @allure.story("登录")
    def system_login():
        try:
            api_info = get_testcase_yaml('./data/loginName.yaml')
            RequestBase().specification_yaml(api_info[0][0], api_info[0][1])
        except Exception as e:
            logs.error(f'登录接口出现异常，导致后续接口无法继续运行，请检查程序！，{e}')
&gt;           exit()
E           SystemExit: None

testcase\conftest.py:33: SystemExit</error></testcase><testcase classname="testcase.Single interface.test_debug_api.TestUserManager" name="test_add_user[base_info0-testcase0]" time="0.047"><error message="failed on setup with &quot;SystemExit: None&quot;">@pytest.fixture(scope='session', autouse=True)
    @allure.story("登录")
    def system_login():
        try:
            api_info = get_testcase_yaml('./data/loginName.yaml')
&gt;           RequestBase().specification_yaml(api_info[0][0], api_info[0][1])

testcase\conftest.py:30: 
_ _ _ _ _ _ _ _ _ _ _ _ _ _ _ _ _ _ _ _ _ _ _ _ _ _ _ _ _ _ _ _ _ _ _ _ _ _ _ 
base\apiutil.py:119: in specification_yaml
    raise e
base\apiutil.py:116: in specification_yaml
    raise e
base\apiutil.py:110: in specification_yaml
    self.asserts.assert_result(validation, res_json, status_code)
common\assertions.py:195: in assert_result
    raise exceptions
common\assertions.py:176: in assert_result
    flag = self.contains_assert(value, response, status_code)
           ^^^^^^^^^^^^^^^^^^^^^^^^^^^^^^^^^^^^^^^^^^^^^^^^^^
_ _ _ _ _ _ _ _ _ _ _ _ _ _ _ _ _ _ _ _ _ _ _ _ _ _ _ _ _ _ _ _ _ _ _ _ _ _ _ 

self = &lt;common.assertions.Assertions object at 0x000001CAA71025D0&gt;
value = {'msg_code': 200}
response = {'error_code': None, 'msg': '登录成功', 'msg_code': 200, 'orgId': '4140913758110176843', ...}
status_code = 200

    def contains_assert(self, value, response, status_code):
        """
        字符串包含断言模式，断言预期结果的字符串是否包含在接口的响应信息中
        :param value: 预期结果，yaml文件的预期结果值
        :param response: 接口实际响应结果
        :param status_code: 响应状态码
        :return: 返回结果的状态标识
        """
        # 断言状态标识，0成功，其他失败
        flag = 0
        for assert_key, assert_value in value.items():
            if assert_key == "status_code":
                if assert_value != status_code:
                    flag += 1
                    allure.attach(f"预期结果：{assert_value}\n实际结果：{status_code}", '响应代码断言结果:失败',
                                  attachment_type=allure.attachment_type.TEXT)
                    logs.error("contains断言失败：接口返回码【%s】不等于【%s】" % (status_code, assert_value))
            else:
&gt;               resp_list = jsonpath.jsonpath(response, "$..%s" % assert_key)
                            ^^^^^^^^^^^^^^^^^
E               AttributeError: module 'jsonpath' has no attribute 'jsonpath'. Did you mean: 'JSONPath'?

common\assertions.py:39: AttributeError

During handling of the above exception, another exception occurred:

    @pytest.fixture(scope='session', autouse=True)
    @allure.story("登录")
    def system_login():
        try:
            api_info = get_testcase_yaml('./data/loginName.yaml')
            RequestBase().specification_yaml(api_info[0][0], api_info[0][1])
        except Exception as e:
            logs.error(f'登录接口出现异常，导致后续接口无法继续运行，请检查程序！，{e}')
&gt;           exit()
E           SystemExit: None

testcase\conftest.py:33: SystemExit</error></testcase><testcase classname="testcase.Single interface.test_debug_api.TestUserManager" name="test_add_user[base_info1-testcase1]" time="0.051"><error message="failed on setup with &quot;SystemExit: None&quot;">@pytest.fixture(scope='session', autouse=True)
    @allure.story("登录")
    def system_login():
        try:
            api_info = get_testcase_yaml('./data/loginName.yaml')
&gt;           RequestBase().specification_yaml(api_info[0][0], api_info[0][1])

testcase\conftest.py:30: 
_ _ _ _ _ _ _ _ _ _ _ _ _ _ _ _ _ _ _ _ _ _ _ _ _ _ _ _ _ _ _ _ _ _ _ _ _ _ _ 
base\apiutil.py:119: in specification_yaml
    raise e
base\apiutil.py:116: in specification_yaml
    raise e
base\apiutil.py:110: in specification_yaml
    self.asserts.assert_result(validation, res_json, status_code)
common\assertions.py:195: in assert_result
    raise exceptions
common\assertions.py:176: in assert_result
    flag = self.contains_assert(value, response, status_code)
           ^^^^^^^^^^^^^^^^^^^^^^^^^^^^^^^^^^^^^^^^^^^^^^^^^^
_ _ _ _ _ _ _ _ _ _ _ _ _ _ _ _ _ _ _ _ _ _ _ _ _ _ _ _ _ _ _ _ _ _ _ _ _ _ _ 

self = &lt;common.assertions.Assertions object at 0x000001CAA7101A90&gt;
value = {'msg_code': 200}
response = {'error_code': None, 'msg': '登录成功', 'msg_code': 200, 'orgId': '6140913758128971280', ...}
status_code = 200

    def contains_assert(self, value, response, status_code):
        """
        字符串包含断言模式，断言预期结果的字符串是否包含在接口的响应信息中
        :param value: 预期结果，yaml文件的预期结果值
        :param response: 接口实际响应结果
        :param status_code: 响应状态码
        :return: 返回结果的状态标识
        """
        # 断言状态标识，0成功，其他失败
        flag = 0
        for assert_key, assert_value in value.items():
            if assert_key == "status_code":
                if assert_value != status_code:
                    flag += 1
                    allure.attach(f"预期结果：{assert_value}\n实际结果：{status_code}", '响应代码断言结果:失败',
                                  attachment_type=allure.attachment_type.TEXT)
                    logs.error("contains断言失败：接口返回码【%s】不等于【%s】" % (status_code, assert_value))
            else:
&gt;               resp_list = jsonpath.jsonpath(response, "$..%s" % assert_key)
                            ^^^^^^^^^^^^^^^^^
E               AttributeError: module 'jsonpath' has no attribute 'jsonpath'. Did you mean: 'JSONPath'?

common\assertions.py:39: AttributeError

During handling of the above exception, another exception occurred:

    @pytest.fixture(scope='session', autouse=True)
    @allure.story("登录")
    def system_login():
        try:
            api_info = get_testcase_yaml('./data/loginName.yaml')
            RequestBase().specification_yaml(api_info[0][0], api_info[0][1])
        except Exception as e:
            logs.error(f'登录接口出现异常，导致后续接口无法继续运行，请检查程序！，{e}')
&gt;           exit()
E           SystemExit: None

testcase\conftest.py:33: SystemExit</error></testcase><testcase classname="testcase.Single interface.test_debug_api.TestUserManager" name="test_add_user[base_info2-testcase2]" time="0.026"><error message="failed on setup with &quot;SystemExit: None&quot;">@pytest.fixture(scope='session', autouse=True)
    @allure.story("登录")
    def system_login():
        try:
            api_info = get_testcase_yaml('./data/loginName.yaml')
&gt;           RequestBase().specification_yaml(api_info[0][0], api_info[0][1])

testcase\conftest.py:30: 
_ _ _ _ _ _ _ _ _ _ _ _ _ _ _ _ _ _ _ _ _ _ _ _ _ _ _ _ _ _ _ _ _ _ _ _ _ _ _ 
base\apiutil.py:119: in specification_yaml
    raise e
base\apiutil.py:116: in specification_yaml
    raise e
base\apiutil.py:110: in specification_yaml
    self.asserts.assert_result(validation, res_json, status_code)
common\assertions.py:195: in assert_result
    raise exceptions
common\assertions.py:176: in assert_result
    flag = self.contains_assert(value, response, status_code)
           ^^^^^^^^^^^^^^^^^^^^^^^^^^^^^^^^^^^^^^^^^^^^^^^^^^
_ _ _ _ _ _ _ _ _ _ _ _ _ _ _ _ _ _ _ _ _ _ _ _ _ _ _ _ _ _ _ _ _ _ _ _ _ _ _ 

self = &lt;common.assertions.Assertions object at 0x000001CAA70F8D70&gt;
value = {'msg_code': 200}
response = {'error_code': None, 'msg': '登录成功', 'msg_code': 200, 'orgId': '4140913758110176843', ...}
status_code = 200

    def contains_assert(self, value, response, status_code):
        """
        字符串包含断言模式，断言预期结果的字符串是否包含在接口的响应信息中
        :param value: 预期结果，yaml文件的预期结果值
        :param response: 接口实际响应结果
        :param status_code: 响应状态码
        :return: 返回结果的状态标识
        """
        # 断言状态标识，0成功，其他失败
        flag = 0
        for assert_key, assert_value in value.items():
            if assert_key == "status_code":
                if assert_value != status_code:
                    flag += 1
                    allure.attach(f"预期结果：{assert_value}\n实际结果：{status_code}", '响应代码断言结果:失败',
                                  attachment_type=allure.attachment_type.TEXT)
                    logs.error("contains断言失败：接口返回码【%s】不等于【%s】" % (status_code, assert_value))
            else:
&gt;               resp_list = jsonpath.jsonpath(response, "$..%s" % assert_key)
                            ^^^^^^^^^^^^^^^^^
E               AttributeError: module 'jsonpath' has no attribute 'jsonpath'. Did you mean: 'JSONPath'?

common\assertions.py:39: AttributeError

During handling of the above exception, another exception occurred:

    @pytest.fixture(scope='session', autouse=True)
    @allure.story("登录")
    def system_login():
        try:
            api_info = get_testcase_yaml('./data/loginName.yaml')
            RequestBase().specification_yaml(api_info[0][0], api_info[0][1])
        except Exception as e:
            logs.error(f'登录接口出现异常，导致后续接口无法继续运行，请检查程序！，{e}')
&gt;           exit()
E           SystemExit: None

testcase\conftest.py:33: SystemExit</error></testcase><testcase classname="testcase.Single interface.test_debug_api.TestUserManager" name="test_add_user[base_info3-testcase3]" time="0.024"><error message="failed on setup with &quot;SystemExit: None&quot;">@pytest.fixture(scope='session', autouse=True)
    @allure.story("登录")
    def system_login():
        try:
            api_info = get_testcase_yaml('./data/loginName.yaml')
&gt;           RequestBase().specification_yaml(api_info[0][0], api_info[0][1])

testcase\conftest.py:30: 
_ _ _ _ _ _ _ _ _ _ _ _ _ _ _ _ _ _ _ _ _ _ _ _ _ _ _ _ _ _ _ _ _ _ _ _ _ _ _ 
base\apiutil.py:119: in specification_yaml
    raise e
base\apiutil.py:116: in specification_yaml
    raise e
base\apiutil.py:110: in specification_yaml
    self.asserts.assert_result(validation, res_json, status_code)
common\assertions.py:195: in assert_result
    raise exceptions
common\assertions.py:176: in assert_result
    flag = self.contains_assert(value, response, status_code)
           ^^^^^^^^^^^^^^^^^^^^^^^^^^^^^^^^^^^^^^^^^^^^^^^^^^
_ _ _ _ _ _ _ _ _ _ _ _ _ _ _ _ _ _ _ _ _ _ _ _ _ _ _ _ _ _ _ _ _ _ _ _ _ _ _ 

self = &lt;common.assertions.Assertions object at 0x000001CAA6FE7230&gt;
value = {'msg_code': 200}
response = {'error_code': None, 'msg': '登录成功', 'msg_code': 200, 'orgId': '6140913758128971280', ...}
status_code = 200

    def contains_assert(self, value, response, status_code):
        """
        字符串包含断言模式，断言预期结果的字符串是否包含在接口的响应信息中
        :param value: 预期结果，yaml文件的预期结果值
        :param response: 接口实际响应结果
        :param status_code: 响应状态码
        :return: 返回结果的状态标识
        """
        # 断言状态标识，0成功，其他失败
        flag = 0
        for assert_key, assert_value in value.items():
            if assert_key == "status_code":
                if assert_value != status_code:
                    flag += 1
                    allure.attach(f"预期结果：{assert_value}\n实际结果：{status_code}", '响应代码断言结果:失败',
                                  attachment_type=allure.attachment_type.TEXT)
                    logs.error("contains断言失败：接口返回码【%s】不等于【%s】" % (status_code, assert_value))
            else:
&gt;               resp_list = jsonpath.jsonpath(response, "$..%s" % assert_key)
                            ^^^^^^^^^^^^^^^^^
E               AttributeError: module 'jsonpath' has no attribute 'jsonpath'. Did you mean: 'JSONPath'?

common\assertions.py:39: AttributeError

During handling of the above exception, another exception occurred:

    @pytest.fixture(scope='session', autouse=True)
    @allure.story("登录")
    def system_login():
        try:
            api_info = get_testcase_yaml('./data/loginName.yaml')
            RequestBase().specification_yaml(api_info[0][0], api_info[0][1])
        except Exception as e:
            logs.error(f'登录接口出现异常，导致后续接口无法继续运行，请检查程序！，{e}')
&gt;           exit()
E           SystemExit: None

testcase\conftest.py:33: SystemExit</error></testcase><testcase classname="testcase.Single interface.test_debug_api.TestUserManager" name="test_update_user[base_info0-testcase0]" time="0.026"><error message="failed on setup with &quot;SystemExit: None&quot;">@pytest.fixture(scope='session', autouse=True)
    @allure.story("登录")
    def system_login():
        try:
            api_info = get_testcase_yaml('./data/loginName.yaml')
&gt;           RequestBase().specification_yaml(api_info[0][0], api_info[0][1])

testcase\conftest.py:30: 
_ _ _ _ _ _ _ _ _ _ _ _ _ _ _ _ _ _ _ _ _ _ _ _ _ _ _ _ _ _ _ _ _ _ _ _ _ _ _ 
base\apiutil.py:119: in specification_yaml
    raise e
base\apiutil.py:116: in specification_yaml
    raise e
base\apiutil.py:110: in specification_yaml
    self.asserts.assert_result(validation, res_json, status_code)
common\assertions.py:195: in assert_result
    raise exceptions
common\assertions.py:176: in assert_result
    flag = self.contains_assert(value, response, status_code)
           ^^^^^^^^^^^^^^^^^^^^^^^^^^^^^^^^^^^^^^^^^^^^^^^^^^
_ _ _ _ _ _ _ _ _ _ _ _ _ _ _ _ _ _ _ _ _ _ _ _ _ _ _ _ _ _ _ _ _ _ _ _ _ _ _ 

self = &lt;common.assertions.Assertions object at 0x000001CAA71B2EA0&gt;
value = {'msg_code': 200}
response = {'error_code': None, 'msg': '登录成功', 'msg_code': 200, 'orgId': '4140913758110176843', ...}
status_code = 200

    def contains_assert(self, value, response, status_code):
        """
        字符串包含断言模式，断言预期结果的字符串是否包含在接口的响应信息中
        :param value: 预期结果，yaml文件的预期结果值
        :param response: 接口实际响应结果
        :param status_code: 响应状态码
        :return: 返回结果的状态标识
        """
        # 断言状态标识，0成功，其他失败
        flag = 0
        for assert_key, assert_value in value.items():
            if assert_key == "status_code":
                if assert_value != status_code:
                    flag += 1
                    allure.attach(f"预期结果：{assert_value}\n实际结果：{status_code}", '响应代码断言结果:失败',
                                  attachment_type=allure.attachment_type.TEXT)
                    logs.error("contains断言失败：接口返回码【%s】不等于【%s】" % (status_code, assert_value))
            else:
&gt;               resp_list = jsonpath.jsonpath(response, "$..%s" % assert_key)
                            ^^^^^^^^^^^^^^^^^
E               AttributeError: module 'jsonpath' has no attribute 'jsonpath'. Did you mean: 'JSONPath'?

common\assertions.py:39: AttributeError

During handling of the above exception, another exception occurred:

    @pytest.fixture(scope='session', autouse=True)
    @allure.story("登录")
    def system_login():
        try:
            api_info = get_testcase_yaml('./data/loginName.yaml')
            RequestBase().specification_yaml(api_info[0][0], api_info[0][1])
        except Exception as e:
            logs.error(f'登录接口出现异常，导致后续接口无法继续运行，请检查程序！，{e}')
&gt;           exit()
E           SystemExit: None

testcase\conftest.py:33: SystemExit</error></testcase><testcase classname="testcase.Single interface.test_debug_api.TestUserManager" name="test_delete_user[base_info0-testcase0]" time="0.044"><error message="failed on setup with &quot;SystemExit: None&quot;">@pytest.fixture(scope='session', autouse=True)
    @allure.story("登录")
    def system_login():
        try:
            api_info = get_testcase_yaml('./data/loginName.yaml')
&gt;           RequestBase().specification_yaml(api_info[0][0], api_info[0][1])

testcase\conftest.py:30: 
_ _ _ _ _ _ _ _ _ _ _ _ _ _ _ _ _ _ _ _ _ _ _ _ _ _ _ _ _ _ _ _ _ _ _ _ _ _ _ 
base\apiutil.py:119: in specification_yaml
    raise e
base\apiutil.py:116: in specification_yaml
    raise e
base\apiutil.py:110: in specification_yaml
    self.asserts.assert_result(validation, res_json, status_code)
common\assertions.py:195: in assert_result
    raise exceptions
common\assertions.py:176: in assert_result
    flag = self.contains_assert(value, response, status_code)
           ^^^^^^^^^^^^^^^^^^^^^^^^^^^^^^^^^^^^^^^^^^^^^^^^^^
_ _ _ _ _ _ _ _ _ _ _ _ _ _ _ _ _ _ _ _ _ _ _ _ _ _ _ _ _ _ _ _ _ _ _ _ _ _ _ 

self = &lt;common.assertions.Assertions object at 0x000001CAA6F6DC10&gt;
value = {'msg_code': 200}
response = {'error_code': None, 'msg': '登录成功', 'msg_code': 200, 'orgId': '4140913758110176843', ...}
status_code = 200

    def contains_assert(self, value, response, status_code):
        """
        字符串包含断言模式，断言预期结果的字符串是否包含在接口的响应信息中
        :param value: 预期结果，yaml文件的预期结果值
        :param response: 接口实际响应结果
        :param status_code: 响应状态码
        :return: 返回结果的状态标识
        """
        # 断言状态标识，0成功，其他失败
        flag = 0
        for assert_key, assert_value in value.items():
            if assert_key == "status_code":
                if assert_value != status_code:
                    flag += 1
                    allure.attach(f"预期结果：{assert_value}\n实际结果：{status_code}", '响应代码断言结果:失败',
                                  attachment_type=allure.attachment_type.TEXT)
                    logs.error("contains断言失败：接口返回码【%s】不等于【%s】" % (status_code, assert_value))
            else:
&gt;               resp_list = jsonpath.jsonpath(response, "$..%s" % assert_key)
                            ^^^^^^^^^^^^^^^^^
E               AttributeError: module 'jsonpath' has no attribute 'jsonpath'. Did you mean: 'JSONPath'?

common\assertions.py:39: AttributeError

During handling of the above exception, another exception occurred:

    @pytest.fixture(scope='session', autouse=True)
    @allure.story("登录")
    def system_login():
        try:
            api_info = get_testcase_yaml('./data/loginName.yaml')
            RequestBase().specification_yaml(api_info[0][0], api_info[0][1])
        except Exception as e:
            logs.error(f'登录接口出现异常，导致后续接口无法继续运行，请检查程序！，{e}')
&gt;           exit()
E           SystemExit: None

testcase\conftest.py:33: SystemExit</error></testcase><testcase classname="testcase.Single interface.test_debug_api.TestUserManager" name="test_delete_user[base_info1-testcase1]" time="0.026"><error message="failed on setup with &quot;SystemExit: None&quot;">@pytest.fixture(scope='session', autouse=True)
    @allure.story("登录")
    def system_login():
        try:
            api_info = get_testcase_yaml('./data/loginName.yaml')
&gt;           RequestBase().specification_yaml(api_info[0][0], api_info[0][1])

testcase\conftest.py:30: 
_ _ _ _ _ _ _ _ _ _ _ _ _ _ _ _ _ _ _ _ _ _ _ _ _ _ _ _ _ _ _ _ _ _ _ _ _ _ _ 
base\apiutil.py:119: in specification_yaml
    raise e
base\apiutil.py:116: in specification_yaml
    raise e
base\apiutil.py:110: in specification_yaml
    self.asserts.assert_result(validation, res_json, status_code)
common\assertions.py:195: in assert_result
    raise exceptions
common\assertions.py:176: in assert_result
    flag = self.contains_assert(value, response, status_code)
           ^^^^^^^^^^^^^^^^^^^^^^^^^^^^^^^^^^^^^^^^^^^^^^^^^^
_ _ _ _ _ _ _ _ _ _ _ _ _ _ _ _ _ _ _ _ _ _ _ _ _ _ _ _ _ _ _ _ _ _ _ _ _ _ _ 

self = &lt;common.assertions.Assertions object at 0x000001CAA6F6CC50&gt;
value = {'msg_code': 200}
response = {'error_code': None, 'msg': '登录成功', 'msg_code': 200, 'orgId': '6140913758128971280', ...}
status_code = 200

    def contains_assert(self, value, response, status_code):
        """
        字符串包含断言模式，断言预期结果的字符串是否包含在接口的响应信息中
        :param value: 预期结果，yaml文件的预期结果值
        :param response: 接口实际响应结果
        :param status_code: 响应状态码
        :return: 返回结果的状态标识
        """
        # 断言状态标识，0成功，其他失败
        flag = 0
        for assert_key, assert_value in value.items():
            if assert_key == "status_code":
                if assert_value != status_code:
                    flag += 1
                    allure.attach(f"预期结果：{assert_value}\n实际结果：{status_code}", '响应代码断言结果:失败',
                                  attachment_type=allure.attachment_type.TEXT)
                    logs.error("contains断言失败：接口返回码【%s】不等于【%s】" % (status_code, assert_value))
            else:
&gt;               resp_list = jsonpath.jsonpath(response, "$..%s" % assert_key)
                            ^^^^^^^^^^^^^^^^^
E               AttributeError: module 'jsonpath' has no attribute 'jsonpath'. Did you mean: 'JSONPath'?

common\assertions.py:39: AttributeError

During handling of the above exception, another exception occurred:

    @pytest.fixture(scope='session', autouse=True)
    @allure.story("登录")
    def system_login():
        try:
            api_info = get_testcase_yaml('./data/loginName.yaml')
            RequestBase().specification_yaml(api_info[0][0], api_info[0][1])
        except Exception as e:
            logs.error(f'登录接口出现异常，导致后续接口无法继续运行，请检查程序！，{e}')
&gt;           exit()
E           SystemExit: None

testcase\conftest.py:33: SystemExit</error></testcase><testcase classname="testcase.Single interface.test_debug_api.TestUserManager" name="test_delete_user[base_info2-testcase2]" time="0.041"><error message="failed on setup with &quot;SystemExit: None&quot;">@pytest.fixture(scope='session', autouse=True)
    @allure.story("登录")
    def system_login():
        try:
            api_info = get_testcase_yaml('./data/loginName.yaml')
&gt;           RequestBase().specification_yaml(api_info[0][0], api_info[0][1])

testcase\conftest.py:30: 
_ _ _ _ _ _ _ _ _ _ _ _ _ _ _ _ _ _ _ _ _ _ _ _ _ _ _ _ _ _ _ _ _ _ _ _ _ _ _ 
base\apiutil.py:119: in specification_yaml
    raise e
base\apiutil.py:116: in specification_yaml
    raise e
base\apiutil.py:110: in specification_yaml
    self.asserts.assert_result(validation, res_json, status_code)
common\assertions.py:195: in assert_result
    raise exceptions
common\assertions.py:176: in assert_result
    flag = self.contains_assert(value, response, status_code)
           ^^^^^^^^^^^^^^^^^^^^^^^^^^^^^^^^^^^^^^^^^^^^^^^^^^
_ _ _ _ _ _ _ _ _ _ _ _ _ _ _ _ _ _ _ _ _ _ _ _ _ _ _ _ _ _ _ _ _ _ _ _ _ _ _ 

self = &lt;common.assertions.Assertions object at 0x000001CAA71A8B50&gt;
value = {'msg_code': 200}
response = {'error_code': None, 'msg': '登录成功', 'msg_code': 200, 'orgId': '6140913758128971280', ...}
status_code = 200

    def contains_assert(self, value, response, status_code):
        """
        字符串包含断言模式，断言预期结果的字符串是否包含在接口的响应信息中
        :param value: 预期结果，yaml文件的预期结果值
        :param response: 接口实际响应结果
        :param status_code: 响应状态码
        :return: 返回结果的状态标识
        """
        # 断言状态标识，0成功，其他失败
        flag = 0
        for assert_key, assert_value in value.items():
            if assert_key == "status_code":
                if assert_value != status_code:
                    flag += 1
                    allure.attach(f"预期结果：{assert_value}\n实际结果：{status_code}", '响应代码断言结果:失败',
                                  attachment_type=allure.attachment_type.TEXT)
                    logs.error("contains断言失败：接口返回码【%s】不等于【%s】" % (status_code, assert_value))
            else:
&gt;               resp_list = jsonpath.jsonpath(response, "$..%s" % assert_key)
                            ^^^^^^^^^^^^^^^^^
E               AttributeError: module 'jsonpath' has no attribute 'jsonpath'. Did you mean: 'JSONPath'?

common\assertions.py:39: AttributeError

During handling of the above exception, another exception occurred:

    @pytest.fixture(scope='session', autouse=True)
    @allure.story("登录")
    def system_login():
        try:
            api_info = get_testcase_yaml('./data/loginName.yaml')
            RequestBase().specification_yaml(api_info[0][0], api_info[0][1])
        except Exception as e:
            logs.error(f'登录接口出现异常，导致后续接口无法继续运行，请检查程序！，{e}')
&gt;           exit()
E           SystemExit: None

testcase\conftest.py:33: SystemExit</error></testcase><testcase classname="testcase.Single interface.test_debug_api.TestUserManager" name="test_delete_user[base_info3-testcase3]" time="0.030"><error message="failed on setup with &quot;SystemExit: None&quot;">@pytest.fixture(scope='session', autouse=True)
    @allure.story("登录")
    def system_login():
        try:
            api_info = get_testcase_yaml('./data/loginName.yaml')
&gt;           RequestBase().specification_yaml(api_info[0][0], api_info[0][1])

testcase\conftest.py:30: 
_ _ _ _ _ _ _ _ _ _ _ _ _ _ _ _ _ _ _ _ _ _ _ _ _ _ _ _ _ _ _ _ _ _ _ _ _ _ _ 
base\apiutil.py:119: in specification_yaml
    raise e
base\apiutil.py:116: in specification_yaml
    raise e
base\apiutil.py:110: in specification_yaml
    self.asserts.assert_result(validation, res_json, status_code)
common\assertions.py:195: in assert_result
    raise exceptions
common\assertions.py:176: in assert_result
    flag = self.contains_assert(value, response, status_code)
           ^^^^^^^^^^^^^^^^^^^^^^^^^^^^^^^^^^^^^^^^^^^^^^^^^^
_ _ _ _ _ _ _ _ _ _ _ _ _ _ _ _ _ _ _ _ _ _ _ _ _ _ _ _ _ _ _ _ _ _ _ _ _ _ _ 

self = &lt;common.assertions.Assertions object at 0x000001CAA71A9180&gt;
value = {'msg_code': 200}
response = {'error_code': None, 'msg': '登录成功', 'msg_code': 200, 'orgId': '6140913758128971280', ...}
status_code = 200

    def contains_assert(self, value, response, status_code):
        """
        字符串包含断言模式，断言预期结果的字符串是否包含在接口的响应信息中
        :param value: 预期结果，yaml文件的预期结果值
        :param response: 接口实际响应结果
        :param status_code: 响应状态码
        :return: 返回结果的状态标识
        """
        # 断言状态标识，0成功，其他失败
        flag = 0
        for assert_key, assert_value in value.items():
            if assert_key == "status_code":
                if assert_value != status_code:
                    flag += 1
                    allure.attach(f"预期结果：{assert_value}\n实际结果：{status_code}", '响应代码断言结果:失败',
                                  attachment_type=allure.attachment_type.TEXT)
                    logs.error("contains断言失败：接口返回码【%s】不等于【%s】" % (status_code, assert_value))
            else:
&gt;               resp_list = jsonpath.jsonpath(response, "$..%s" % assert_key)
                            ^^^^^^^^^^^^^^^^^
E               AttributeError: module 'jsonpath' has no attribute 'jsonpath'. Did you mean: 'JSONPath'?

common\assertions.py:39: AttributeError

During handling of the above exception, another exception occurred:

    @pytest.fixture(scope='session', autouse=True)
    @allure.story("登录")
    def system_login():
        try:
            api_info = get_testcase_yaml('./data/loginName.yaml')
            RequestBase().specification_yaml(api_info[0][0], api_info[0][1])
        except Exception as e:
            logs.error(f'登录接口出现异常，导致后续接口无法继续运行，请检查程序！，{e}')
&gt;           exit()
E           SystemExit: None

testcase\conftest.py:33: SystemExit</error></testcase><testcase classname="testcase.Single interface.test_debug_api.TestUserManager" name="test_query_user[base_info0-testcase0]" time="0.052"><error message="failed on setup with &quot;SystemExit: None&quot;">@pytest.fixture(scope='session', autouse=True)
    @allure.story("登录")
    def system_login():
        try:
            api_info = get_testcase_yaml('./data/loginName.yaml')
&gt;           RequestBase().specification_yaml(api_info[0][0], api_info[0][1])

testcase\conftest.py:30: 
_ _ _ _ _ _ _ _ _ _ _ _ _ _ _ _ _ _ _ _ _ _ _ _ _ _ _ _ _ _ _ _ _ _ _ _ _ _ _ 
base\apiutil.py:119: in specification_yaml
    raise e
base\apiutil.py:116: in specification_yaml
    raise e
base\apiutil.py:110: in specification_yaml
    self.asserts.assert_result(validation, res_json, status_code)
common\assertions.py:195: in assert_result
    raise exceptions
common\assertions.py:176: in assert_result
    flag = self.contains_assert(value, response, status_code)
           ^^^^^^^^^^^^^^^^^^^^^^^^^^^^^^^^^^^^^^^^^^^^^^^^^^
_ _ _ _ _ _ _ _ _ _ _ _ _ _ _ _ _ _ _ _ _ _ _ _ _ _ _ _ _ _ _ _ _ _ _ _ _ _ _ 

self = &lt;common.assertions.Assertions object at 0x000001CAA7179D10&gt;
value = {'msg_code': 200}
response = {'error_code': None, 'msg': '登录成功', 'msg_code': 200, 'orgId': '4140913758110176843', ...}
status_code = 200

    def contains_assert(self, value, response, status_code):
        """
        字符串包含断言模式，断言预期结果的字符串是否包含在接口的响应信息中
        :param value: 预期结果，yaml文件的预期结果值
        :param response: 接口实际响应结果
        :param status_code: 响应状态码
        :return: 返回结果的状态标识
        """
        # 断言状态标识，0成功，其他失败
        flag = 0
        for assert_key, assert_value in value.items():
            if assert_key == "status_code":
                if assert_value != status_code:
                    flag += 1
                    allure.attach(f"预期结果：{assert_value}\n实际结果：{status_code}", '响应代码断言结果:失败',
                                  attachment_type=allure.attachment_type.TEXT)
                    logs.error("contains断言失败：接口返回码【%s】不等于【%s】" % (status_code, assert_value))
            else:
&gt;               resp_list = jsonpath.jsonpath(response, "$..%s" % assert_key)
                            ^^^^^^^^^^^^^^^^^
E               AttributeError: module 'jsonpath' has no attribute 'jsonpath'. Did you mean: 'JSONPath'?

common\assertions.py:39: AttributeError

During handling of the above exception, another exception occurred:

    @pytest.fixture(scope='session', autouse=True)
    @allure.story("登录")
    def system_login():
        try:
            api_info = get_testcase_yaml('./data/loginName.yaml')
            RequestBase().specification_yaml(api_info[0][0], api_info[0][1])
        except Exception as e:
            logs.error(f'登录接口出现异常，导致后续接口无法继续运行，请检查程序！，{e}')
&gt;           exit()
E           SystemExit: None

testcase\conftest.py:33: SystemExit</error></testcase></testsuite></testsuites>